<?xml version="1.0" encoding="UTF-8"?>
<testsuites name="Demo_SM" time="265" tests="1" failures="0" errors="0">
   <testsuite name="Demo_SM" tests="1" failures="0" errors="0" time="265" timestamp="2019-08-05 15:57:29" hostname="promantus inc - G10PROLT025" id="Test Suites/Demo_SM">
      <properties>
         <property name="deviceName" value=""/>
         <property name="devicePlatform" value=""/>
         <property name="logFolder" value="H:\\USGBC_NewApproach1\\USGBC_LEED\\Reports\\Demo_SM\\20190805_155725"/>
         <property name="logFiles" value="H:\\USGBC_NewApproach1\\USGBC_LEED\\Reports\\Demo_SM\\20190805_155725\\execution0.log"/>
         <property name="attachments" value=""/>
         <property name="hostName" value="promantus inc - G10PROLT025"/>
         <property name="os" value="Windows 10 64bit"/>
         <property name="katalonVersion" value="6.1.3.3"/>
         <property name="browser" value="Chrome 75.0.3770.142"/>
         <property name="hostAddress" value="192.168.232.1"/>
         <property name="sessionId" value="72f0ae8c553a00cc6c5186f8c1430163"/>
         <property name="seleniumVersion" value="3.7.1"/>
         <property name="proxyInformation" value="ProxyInformation{proxyOption=NO_PROXY, proxyServerType=HTTP, password=, proxyServerAddress=, proxyServerPort=0}"/>
         <property name="platform" value="Windows 10"/>
      </properties>
      <testcase name="Test Cases/OM_ExistingBuildings/TC_SiteManagement" classname="Test Cases/OM_ExistingBuildings/TC_SiteManagement" status="PASSED">
         <system-out><![CDATA[2019-08-05 15:57:30 - [TEST_CASE][PASSED] - Test Cases/OM_ExistingBuildings/TC_SiteManagement: Test Cases/OM_ExistingBuildings/TC_SiteManagement

2019-08-05 15:57:31 - [TEST_STEP][PASSED] - Start listener action : sampleBeforeTestCase: null

2019-08-05 15:57:31 - [TEST_STEP][PASSED] - a = testCaseContext.getTestCaseId(): null

2019-08-05 15:57:31 - [TEST_STEP][PASSED] - lastWord = a.substring(a.lastIndexOf("/") + 1): null

2019-08-05 15:57:31 - [TEST_STEP][PASSED] - currentTestCaseId = lastWord: null

2019-08-05 15:57:31 - [TEST_STEP][PASSED] - println("GlobalVariable.currentTestCaseId#############" + lastWord): null

2019-08-05 15:57:31 - [TEST_STEP][PASSED] - runWithCucumberRunner(runner_OM_ExistingBuildings.SiteManagementTestRunner): Run with 'runner_OM_ExistingBuildings.SiteManagementTestRunner' was passed

2019-08-05 15:57:33 - [TEST_CASE][PASSED] - Test Cases/TC_Login: Test Cases/TC_Login

2019-08-05 15:57:33 - [TEST_STEP][PASSED] - runWithCucumberRunner(common.LoginRunner): Run with 'common.LoginRunner' was passed

2019-08-05 15:57:34 - [MESSAGE][INFO] - Starting 'Chrome (headless)' driver

2019-08-05 15:57:34 - [MESSAGE][INFO] - Action delay is set to 0 seconds

2019-08-05 15:57:38 - [MESSAGE][PASSED] - Browser is opened with url: ''

2019-08-05 15:57:39 - [MESSAGE][PASSED] - Current window maximized

2019-08-05 15:57:52 - [MESSAGE][PASSED] - Navigate to 'https://leedonline-stg.usgbc.org' successfully

2019-08-05 15:57:53 - [MESSAGE][PASSED] - Text 'automationbdd10@gmail.com' is set on object ''

2019-08-05 15:57:53 - [MESSAGE][PASSED] - Text 'initpass' is set on object ''

2019-08-05 15:57:56 - [MESSAGE][PASSED] - Delayed 3 second(s)

2019-08-05 15:57:56 - [MESSAGE][PASSED] - Scroll to object '' successfully

2019-08-05 15:57:56 - [MESSAGE][PASSED] - Object '' is checked

2019-08-05 15:58:00 - [MESSAGE][PASSED] - Delayed 4 second(s)

2019-08-05 15:58:00 - [MESSAGE][PASSED] - The form containing object: '' is submitted

2019-08-05 15:58:00 - [MESSAGE][PASSED] - Run with 'common.LoginRunner' was passed

2019-08-05 15:58:00 - [MESSAGE][PASSED] - Call Test Case 'Test Cases/TC_Login' successfully

2019-08-05 15:58:06 - [MESSAGE][PASSED] - Object: '' is clicked on

2019-08-05 15:58:08 - [MESSAGE][PASSED] - Object: '' is clicked on

2019-08-05 15:58:10 - [MESSAGE][PASSED] - Delayed 2 second(s)

2019-08-05 15:58:12 - [MESSAGE][PASSED] - Text of object '' is: 'ATTEMPTED'

2019-08-05 15:58:15 - [MESSAGE][PASSED] - Delayed 3 second(s)

2019-08-05 15:58:17 - [MESSAGE][PASSED] - Delayed 2 second(s)

2019-08-05 15:58:17 - [MESSAGE][PASSED] - Object: '' is clicked on

2019-08-05 15:58:17 - [MESSAGE][PASSED] - Text of object '' is: 'Site Management'

2019-08-05 15:58:20 - [MESSAGE][PASSED] - Delayed 3 second(s)

2019-08-05 15:58:25 - [MESSAGE][PASSED] - Object: '' is clicked on

2019-08-05 15:58:30 - [MESSAGE][PASSED] - Delayed 5 second(s)

2019-08-05 15:58:31 - [MESSAGE][PASSED] - Object '' has attribute 'class' with value 'tiny ui button'

2019-08-05 15:58:38 - [MESSAGE][PASSED] - Delayed 7 second(s)

2019-08-05 15:58:38 - [MESSAGE][PASSED] - File 'H:\USGBC_NewApproach1\USGBC_LEED\Include\TestData\FilesToUpload\COO_1.pdf' sent to object: ''

2019-08-05 15:58:38 - [MESSAGE][PASSED] - Object '' has attribute 'class' with value 'tiny ui button'

2019-08-05 15:58:45 - [MESSAGE][PASSED] - Delayed 7 second(s)

2019-08-05 15:58:45 - [MESSAGE][PASSED] - File 'H:\USGBC_NewApproach1\USGBC_LEED\Include\TestData\FilesToUpload\ZZ.pdf' sent to object: ''

2019-08-05 15:58:48 - [MESSAGE][PASSED] - Delayed 3 second(s)

2019-08-05 15:58:48 - [MESSAGE][PASSED] - Object '' has attribute 'class' with value 'tiny ui button'

2019-08-05 15:58:55 - [MESSAGE][PASSED] - Delayed 7 second(s)

2019-08-05 15:58:55 - [MESSAGE][PASSED] - File 'H:\USGBC_NewApproach1\USGBC_LEED\Include\TestData\FilesToUpload\COO_1.pdf' sent to object: ''

2019-08-05 15:58:55 - [MESSAGE][PASSED] - Object '' has attribute 'class' with value 'tiny ui button'

2019-08-05 15:59:02 - [MESSAGE][PASSED] - Delayed 7 second(s)

2019-08-05 15:59:02 - [MESSAGE][PASSED] - File 'H:\USGBC_NewApproach1\USGBC_LEED\Include\TestData\FilesToUpload\ZZ.pdf' sent to object: ''

2019-08-05 15:59:05 - [MESSAGE][PASSED] - Delayed 3 second(s)

2019-08-05 15:59:05 - [MESSAGE][PASSED] - Object '' has attribute 'class' with value 'tiny ui button'

2019-08-05 15:59:12 - [MESSAGE][PASSED] - Delayed 7 second(s)

2019-08-05 15:59:12 - [MESSAGE][PASSED] - File 'H:\USGBC_NewApproach1\USGBC_LEED\Include\TestData\FilesToUpload\COO_1.pdf' sent to object: ''

2019-08-05 15:59:12 - [MESSAGE][PASSED] - Object '' has attribute 'class' with value 'tiny ui button'

2019-08-05 15:59:19 - [MESSAGE][PASSED] - Delayed 7 second(s)

2019-08-05 15:59:19 - [MESSAGE][PASSED] - File 'H:\USGBC_NewApproach1\USGBC_LEED\Include\TestData\FilesToUpload\ZZ.pdf' sent to object: ''

2019-08-05 15:59:22 - [MESSAGE][PASSED] - Delayed 3 second(s)

2019-08-05 15:59:23 - [MESSAGE][PASSED] - Text of object '' is: 'COO_1.pdf'

2019-08-05 15:59:25 - [MESSAGE][PASSED] - Delayed 2 second(s)

2019-08-05 15:59:25 - [MESSAGE][PASSED] - COO_1.pdf is equal to COO_1.pdf

2019-08-05 15:59:25 - [MESSAGE][PASSED] - Actual text 'COO_1.pdf' and expected text 'COO_1.pdf' are matched 

2019-08-05 15:59:25 - [MESSAGE][PASSED] - Text of object '' is: 'ZZ.pdf'

2019-08-05 15:59:27 - [MESSAGE][PASSED] - Delayed 2 second(s)

2019-08-05 15:59:29 - [MESSAGE][PASSED] - Delayed 2 second(s)

2019-08-05 15:59:29 - [MESSAGE][PASSED] - ZZ.pdf is equal to ZZ.pdf

2019-08-05 15:59:29 - [MESSAGE][PASSED] - Actual text 'ZZ.pdf' and expected text 'ZZ.pdf' are matched 

2019-08-05 15:59:29 - [MESSAGE][PASSED] - Text of object '' is: 'COO_1.pdf'

2019-08-05 15:59:31 - [MESSAGE][PASSED] - Delayed 2 second(s)

2019-08-05 15:59:31 - [MESSAGE][PASSED] - COO_1.pdf is equal to COO_1.pdf

2019-08-05 15:59:31 - [MESSAGE][PASSED] - Actual text 'COO_1.pdf' and expected text 'COO_1.pdf' are matched 

2019-08-05 15:59:31 - [MESSAGE][PASSED] - Text of object '' is: 'ZZ.pdf'

2019-08-05 15:59:33 - [MESSAGE][PASSED] - Delayed 2 second(s)

2019-08-05 15:59:36 - [MESSAGE][PASSED] - Delayed 2 second(s)

2019-08-05 15:59:36 - [MESSAGE][PASSED] - ZZ.pdf is equal to ZZ.pdf

2019-08-05 15:59:36 - [MESSAGE][PASSED] - Actual text 'ZZ.pdf' and expected text 'ZZ.pdf' are matched 

2019-08-05 15:59:36 - [MESSAGE][PASSED] - Text of object '' is: 'COO_1.pdf'

2019-08-05 15:59:38 - [MESSAGE][PASSED] - Delayed 2 second(s)

2019-08-05 15:59:38 - [MESSAGE][PASSED] - COO_1.pdf is equal to COO_1.pdf

2019-08-05 15:59:38 - [MESSAGE][PASSED] - Actual text 'COO_1.pdf' and expected text 'COO_1.pdf' are matched 

2019-08-05 15:59:38 - [MESSAGE][PASSED] - Text of object '' is: 'ZZ.pdf'

2019-08-05 15:59:40 - [MESSAGE][PASSED] - Delayed 2 second(s)

2019-08-05 15:59:42 - [MESSAGE][PASSED] - Delayed 2 second(s)

2019-08-05 15:59:42 - [MESSAGE][PASSED] - ZZ.pdf is equal to ZZ.pdf

2019-08-05 15:59:42 - [MESSAGE][PASSED] - Actual text 'ZZ.pdf' and expected text 'ZZ.pdf' are matched 

2019-08-05 15:59:44 - [MESSAGE][PASSED] - Delayed 2 second(s)

2019-08-05 15:59:49 - [MESSAGE][PASSED] - Delayed 5 second(s)

2019-08-05 15:59:49 - [MESSAGE][PASSED] - Object: '' is clicked on

2019-08-05 15:59:49 - [MESSAGE][PASSED] - Text of object '' is: 'ZZ.pdf'

2019-08-05 15:59:54 - [MESSAGE][PASSED] - Delayed 5 second(s)

2019-08-05 15:59:55 - [MESSAGE][PASSED] - Object: '' is hovered

2019-08-05 15:59:57 - [MESSAGE][PASSED] - Delayed 2 second(s)

2019-08-05 15:59:59 - [MESSAGE][PASSED] - Delayed 2 second(s)

2019-08-05 16:00:04 - [MESSAGE][PASSED] - Delayed 5 second(s)

2019-08-05 16:00:04 - [MESSAGE][PASSED] - Object: '' is clicked on

2019-08-05 16:00:04 - [MESSAGE][PASSED] - Text of object '' is: 'COO_1.pdf'

2019-08-05 16:00:09 - [MESSAGE][PASSED] - Delayed 5 second(s)

2019-08-05 16:00:09 - [MESSAGE][PASSED] - Object: '' is hovered

2019-08-05 16:00:11 - [MESSAGE][PASSED] - Delayed 2 second(s)

2019-08-05 16:00:16 - [MESSAGE][PASSED] - Delayed 5 second(s)

2019-08-05 16:00:18 - [MESSAGE][PASSED] - Delayed 2 second(s)

2019-08-05 16:00:19 - [MESSAGE][PASSED] - Delayed 1 second(s)

2019-08-05 16:00:19 - [MESSAGE][PASSED] - COO_1.pdf exist in H:/USGBC_NewApproach1/USGBC_LEED/Include/TestData/DownloadedFiles/TC_SiteManagement and was deleted

2019-08-05 16:00:19 - [MESSAGE][PASSED] - 

2019-08-05 16:00:19 - [MESSAGE][PASSED] - Actual text 'COO_1.pdf' and expected text 'COO_1.pdf' are matched 

2019-08-05 16:00:21 - [MESSAGE][PASSED] - Delayed 2 second(s)

2019-08-05 16:00:23 - [MESSAGE][PASSED] - Delayed 2 second(s)

2019-08-05 16:00:24 - [MESSAGE][PASSED] - Delayed 1 second(s)

2019-08-05 16:00:24 - [MESSAGE][PASSED] - ZZ.pdf exist in H:/USGBC_NewApproach1/USGBC_LEED/Include/TestData/DownloadedFiles/TC_SiteManagement and was deleted

2019-08-05 16:00:24 - [MESSAGE][PASSED] - 

2019-08-05 16:00:24 - [MESSAGE][PASSED] - Actual text 'ZZ.pdf' and expected text 'ZZ.pdf' are matched 

2019-08-05 16:00:26 - [MESSAGE][PASSED] - Delayed 2 second(s)

2019-08-05 16:00:28 - [MESSAGE][PASSED] - Delayed 2 second(s)

2019-08-05 16:00:33 - [MESSAGE][PASSED] - Delayed 5 second(s)

2019-08-05 16:00:34 - [MESSAGE][PASSED] - Object: '' is clicked on

2019-08-05 16:00:34 - [MESSAGE][PASSED] - Text of object '' is: 'ZZ.pdf'

2019-08-05 16:00:39 - [MESSAGE][PASSED] - Delayed 5 second(s)

2019-08-05 16:00:39 - [MESSAGE][PASSED] - Object: '' is hovered

2019-08-05 16:00:41 - [MESSAGE][PASSED] - Delayed 2 second(s)

2019-08-05 16:00:43 - [MESSAGE][PASSED] - Delayed 2 second(s)

2019-08-05 16:00:48 - [MESSAGE][PASSED] - Delayed 5 second(s)

2019-08-05 16:00:48 - [MESSAGE][PASSED] - Object: '' is clicked on

2019-08-05 16:00:48 - [MESSAGE][PASSED] - Text of object '' is: 'COO_1.pdf'

2019-08-05 16:00:53 - [MESSAGE][PASSED] - Delayed 5 second(s)

2019-08-05 16:00:53 - [MESSAGE][PASSED] - Object: '' is hovered

2019-08-05 16:00:55 - [MESSAGE][PASSED] - Delayed 2 second(s)

2019-08-05 16:01:00 - [MESSAGE][PASSED] - Delayed 5 second(s)

2019-08-05 16:01:02 - [MESSAGE][PASSED] - Delayed 2 second(s)

2019-08-05 16:01:03 - [MESSAGE][PASSED] - Delayed 1 second(s)

2019-08-05 16:01:03 - [MESSAGE][PASSED] - COO_1.pdf exist in H:/USGBC_NewApproach1/USGBC_LEED/Include/TestData/DownloadedFiles/TC_SiteManagement and was deleted

2019-08-05 16:01:03 - [MESSAGE][PASSED] - 

2019-08-05 16:01:03 - [MESSAGE][PASSED] - Actual text 'COO_1.pdf' and expected text 'COO_1.pdf' are matched 

2019-08-05 16:01:05 - [MESSAGE][PASSED] - Delayed 2 second(s)

2019-08-05 16:01:07 - [MESSAGE][PASSED] - Delayed 2 second(s)

2019-08-05 16:01:08 - [MESSAGE][PASSED] - Delayed 1 second(s)

2019-08-05 16:01:08 - [MESSAGE][PASSED] - ZZ.pdf exist in H:/USGBC_NewApproach1/USGBC_LEED/Include/TestData/DownloadedFiles/TC_SiteManagement and was deleted

2019-08-05 16:01:08 - [MESSAGE][PASSED] - 

2019-08-05 16:01:08 - [MESSAGE][PASSED] - Actual text 'ZZ.pdf' and expected text 'ZZ.pdf' are matched 

2019-08-05 16:01:10 - [MESSAGE][PASSED] - Delayed 2 second(s)

2019-08-05 16:01:12 - [MESSAGE][PASSED] - Delayed 2 second(s)

2019-08-05 16:01:18 - [MESSAGE][PASSED] - Delayed 5 second(s)

2019-08-05 16:01:18 - [MESSAGE][PASSED] - Object: '' is clicked on

2019-08-05 16:01:18 - [MESSAGE][PASSED] - Text of object '' is: 'ZZ.pdf'

2019-08-05 16:01:23 - [MESSAGE][PASSED] - Delayed 5 second(s)

2019-08-05 16:01:23 - [MESSAGE][PASSED] - Object: '' is hovered

2019-08-05 16:01:25 - [MESSAGE][PASSED] - Delayed 2 second(s)

2019-08-05 16:01:27 - [MESSAGE][PASSED] - Delayed 2 second(s)

2019-08-05 16:01:32 - [MESSAGE][PASSED] - Delayed 5 second(s)

2019-08-05 16:01:32 - [MESSAGE][PASSED] - Object: '' is clicked on

2019-08-05 16:01:32 - [MESSAGE][PASSED] - Text of object '' is: 'COO_1.pdf'

2019-08-05 16:01:37 - [MESSAGE][PASSED] - Delayed 5 second(s)

2019-08-05 16:01:37 - [MESSAGE][PASSED] - Object: '' is hovered

2019-08-05 16:01:39 - [MESSAGE][PASSED] - Delayed 2 second(s)

2019-08-05 16:01:44 - [MESSAGE][PASSED] - Delayed 5 second(s)

2019-08-05 16:01:46 - [MESSAGE][PASSED] - Delayed 2 second(s)

2019-08-05 16:01:47 - [MESSAGE][PASSED] - Delayed 1 second(s)

2019-08-05 16:01:47 - [MESSAGE][PASSED] - COO_1.pdf exist in H:/USGBC_NewApproach1/USGBC_LEED/Include/TestData/DownloadedFiles/TC_SiteManagement and was deleted

2019-08-05 16:01:47 - [MESSAGE][PASSED] - 

2019-08-05 16:01:47 - [MESSAGE][PASSED] - Actual text 'COO_1.pdf' and expected text 'COO_1.pdf' are matched 

2019-08-05 16:01:49 - [MESSAGE][PASSED] - Delayed 2 second(s)

2019-08-05 16:01:51 - [MESSAGE][PASSED] - Delayed 2 second(s)

2019-08-05 16:01:52 - [MESSAGE][PASSED] - Delayed 1 second(s)

2019-08-05 16:01:52 - [MESSAGE][PASSED] - ZZ.pdf exist in H:/USGBC_NewApproach1/USGBC_LEED/Include/TestData/DownloadedFiles/TC_SiteManagement and was deleted

2019-08-05 16:01:52 - [MESSAGE][PASSED] - 

2019-08-05 16:01:52 - [MESSAGE][PASSED] - Actual text 'ZZ.pdf' and expected text 'ZZ.pdf' are matched 

2019-08-05 16:01:54 - [MESSAGE][PASSED] - Delayed 2 second(s)

2019-08-05 16:01:55 - [MESSAGE][PASSED] - Run with 'runner_OM_ExistingBuildings.SiteManagementTestRunner' was passed]]></system-out>
         <system-err><![CDATA[]]></system-err>
      </testcase>
      <system-out><![CDATA[2019-08-05 15:57:29 - [TEST_SUITE][PASSED] - Demo_SM: Test Cases/OM_ExistingBuildings/TC_SiteManagement]]></system-out>
      <system-err><![CDATA[]]></system-err>
   </testsuite>
</testsuites>
