<?xml version="1.0" encoding="UTF-8"?>
<testsuites name="demo_EEBM" time="235" tests="1" failures="0" errors="0">
   <testsuite name="demo_EEBM" tests="1" failures="0" errors="0" time="235" timestamp="2019-08-08 16:51:14" hostname="promantus inc - G10PROLT025" id="Test Suites/demo_EEBM">
      <properties>
         <property name="deviceName" value=""/>
         <property name="devicePlatform" value=""/>
         <property name="logFolder" value="H:\\USGBC_NewApproach1\\USGBC_LEED\\Reports\\demo_EEBM\\20190808_165104"/>
         <property name="logFiles" value="H:\\USGBC_NewApproach1\\USGBC_LEED\\Reports\\demo_EEBM\\20190808_165104\\execution0.log"/>
         <property name="attachments" value=""/>
         <property name="hostName" value="promantus inc - G10PROLT025"/>
         <property name="os" value="Windows 10 64bit"/>
         <property name="katalonVersion" value="6.1.3.3"/>
         <property name="browser" value="Chrome 75.0.3770.142"/>
         <property name="hostAddress" value="192.168.232.1"/>
         <property name="sessionId" value="a9684881a1778c96886113bfe3376a6b"/>
         <property name="seleniumVersion" value="3.7.1"/>
         <property name="proxyInformation" value="ProxyInformation{proxyOption=NO_PROXY, proxyServerType=HTTP, password=, proxyServerAddress=, proxyServerPort=0}"/>
         <property name="platform" value="Windows 10"/>
      </properties>
      <testcase name="Test Cases/OM_ExistingBuildings/TC_EnergyEfficiencyBestManagementPractices" classname="Test Cases/OM_ExistingBuildings/TC_EnergyEfficiencyBestManagementPractices" status="PASSED">
         <system-out><![CDATA[2019-08-08 16:51:15 - [TEST_CASE][PASSED] - Test Cases/OM_ExistingBuildings/TC_EnergyEfficiencyBestManagementPractices: Test Cases/OM_ExistingBuildings/TC_EnergyEfficiencyBestManagementPractices

2019-08-08 16:51:15 - [TEST_STEP][PASSED] - Start listener action : sampleBeforeTestCase: null

2019-08-08 16:51:15 - [TEST_STEP][PASSED] - a = testCaseContext.getTestCaseId(): null

2019-08-08 16:51:15 - [TEST_STEP][PASSED] - lastWord = a.substring(a.lastIndexOf("/") + 1): null

2019-08-08 16:51:15 - [TEST_STEP][PASSED] - currentTestCaseId = lastWord: null

2019-08-08 16:51:15 - [TEST_STEP][PASSED] - println("GlobalVariable.currentTestCaseId#############" + lastWord): null

2019-08-08 16:51:15 - [TEST_STEP][PASSED] - runWithCucumberRunner(runner_OM_ExistingBuildings.EnergyEfficiencyBestManagementPractices): Run with 'runner_OM_ExistingBuildings.EnergyEfficiencyBestManagementPractices' was passed

2019-08-08 16:51:16 - [TEST_CASE][PASSED] - Test Cases/TC_Login: Test Cases/TC_Login

2019-08-08 16:51:16 - [TEST_STEP][PASSED] - runWithCucumberRunner(common.LoginRunner): Run with 'common.LoginRunner' was passed

2019-08-08 16:51:17 - [MESSAGE][INFO] - Starting 'Chrome' driver

2019-08-08 16:51:17 - [MESSAGE][INFO] - Action delay is set to 0 seconds

2019-08-08 16:51:20 - [MESSAGE][PASSED] - Browser is opened with url: ''

2019-08-08 16:51:22 - [MESSAGE][PASSED] - Current window maximized

2019-08-08 16:51:24 - [MESSAGE][PASSED] - Navigate to 'https://leedonline-stg.usgbc.org' successfully

2019-08-08 16:51:25 - [MESSAGE][PASSED] - Text 'automationbdd10@gmail.com' is set on object ''

2019-08-08 16:51:25 - [MESSAGE][PASSED] - Text 'initpass' is set on object ''

2019-08-08 16:51:28 - [MESSAGE][PASSED] - Delayed 3 second(s)

2019-08-08 16:51:28 - [MESSAGE][PASSED] - Scroll to object '' successfully

2019-08-08 16:51:28 - [MESSAGE][PASSED] - Object '' is checked

2019-08-08 16:51:32 - [MESSAGE][PASSED] - Delayed 4 second(s)

2019-08-08 16:51:32 - [MESSAGE][PASSED] - The form containing object: '' is submitted

2019-08-08 16:51:37 - [MESSAGE][PASSED] - Delayed 5 second(s)

2019-08-08 16:51:37 - [MESSAGE][PASSED] - Object '' is present

2019-08-08 16:51:38 - [MESSAGE][PASSED] - Run with 'common.LoginRunner' was passed

2019-08-08 16:51:38 - [MESSAGE][PASSED] - Call Test Case 'Test Cases/TC_Login' successfully

2019-08-08 16:51:39 - [MESSAGE][PASSED] - Object: '' is clicked on

2019-08-08 16:51:43 - [MESSAGE][PASSED] - Object: '' is clicked on

2019-08-08 16:51:45 - [MESSAGE][PASSED] - Delayed 2 second(s)

2019-08-08 16:51:47 - [MESSAGE][PASSED] - Text of object '' is: 'ATTEMPTED'

2019-08-08 16:51:50 - [MESSAGE][PASSED] - Delayed 3 second(s)

2019-08-08 16:51:52 - [MESSAGE][PASSED] - Delayed 2 second(s)

2019-08-08 16:51:53 - [MESSAGE][PASSED] - Object: '' is clicked on

2019-08-08 16:51:53 - [MESSAGE][PASSED] - Text of object '' is: 'Energy Efficiency Best Management Practices'

2019-08-08 16:51:56 - [MESSAGE][PASSED] - Delayed 3 second(s)

2019-08-08 16:52:01 - [MESSAGE][PASSED] - Object: '' is clicked on

2019-08-08 16:52:06 - [MESSAGE][PASSED] - Delayed 5 second(s)

2019-08-08 16:52:07 - [MESSAGE][PASSED] - Text of object '' is: 'Energy Efficiency Best Management Practices'

2019-08-08 16:52:07 - [MESSAGE][PASSED] - Actual text 'Energy Efficiency Best Management Practices' and expected text 'Energy Efficiency Best Management Practices' are matched 

2019-08-08 16:52:07 - [MESSAGE][PASSED] - Text '(V01)' is present on page 

2019-08-08 16:52:07 - [MESSAGE][PASSED] - Object '' has attribute 'class' with value 'tiny ui button'

2019-08-08 16:52:14 - [MESSAGE][PASSED] - Delayed 7 second(s)

2019-08-08 16:52:14 - [MESSAGE][PASSED] - File 'H:\USGBC_NewApproach1\USGBC_LEED\Include\TestData\FilesToUpload\COO_1.pdf' sent to object: ''

2019-08-08 16:52:14 - [MESSAGE][PASSED] - Object '' has attribute 'class' with value 'tiny ui button'

2019-08-08 16:52:21 - [MESSAGE][PASSED] - Delayed 7 second(s)

2019-08-08 16:52:21 - [MESSAGE][PASSED] - File 'H:\USGBC_NewApproach1\USGBC_LEED\Include\TestData\FilesToUpload\ZZ.pdf' sent to object: ''

2019-08-08 16:52:24 - [MESSAGE][PASSED] - Delayed 3 second(s)

2019-08-08 16:52:25 - [MESSAGE][PASSED] - Object '' has attribute 'class' with value 'tiny ui button'

2019-08-08 16:52:32 - [MESSAGE][PASSED] - Delayed 7 second(s)

2019-08-08 16:52:32 - [MESSAGE][PASSED] - File 'H:\USGBC_NewApproach1\USGBC_LEED\Include\TestData\FilesToUpload\COO_1.pdf' sent to object: ''

2019-08-08 16:52:32 - [MESSAGE][PASSED] - Object '' has attribute 'class' with value 'tiny ui button'

2019-08-08 16:52:39 - [MESSAGE][PASSED] - Delayed 7 second(s)

2019-08-08 16:52:39 - [MESSAGE][PASSED] - File 'H:\USGBC_NewApproach1\USGBC_LEED\Include\TestData\FilesToUpload\ZZ.pdf' sent to object: ''

2019-08-08 16:52:42 - [MESSAGE][PASSED] - Delayed 3 second(s)

2019-08-08 16:52:42 - [MESSAGE][PASSED] - Object '' has attribute 'class' with value 'tiny ui button'

2019-08-08 16:52:49 - [MESSAGE][PASSED] - Delayed 7 second(s)

2019-08-08 16:52:49 - [MESSAGE][PASSED] - File 'H:\USGBC_NewApproach1\USGBC_LEED\Include\TestData\FilesToUpload\COO_1.pdf' sent to object: ''

2019-08-08 16:52:49 - [MESSAGE][PASSED] - Object '' has attribute 'class' with value 'tiny ui button'

2019-08-08 16:52:56 - [MESSAGE][PASSED] - Delayed 7 second(s)

2019-08-08 16:52:56 - [MESSAGE][PASSED] - File 'H:\USGBC_NewApproach1\USGBC_LEED\Include\TestData\FilesToUpload\ZZ.pdf' sent to object: ''

2019-08-08 16:52:59 - [MESSAGE][PASSED] - Delayed 3 second(s)

2019-08-08 16:52:59 - [MESSAGE][PASSED] - Object '' has attribute 'class' with value 'tiny ui button'

2019-08-08 16:53:06 - [MESSAGE][PASSED] - Delayed 7 second(s)

2019-08-08 16:53:06 - [MESSAGE][PASSED] - File 'H:\USGBC_NewApproach1\USGBC_LEED\Include\TestData\FilesToUpload\COO_1.pdf' sent to object: ''

2019-08-08 16:53:06 - [MESSAGE][PASSED] - Object '' has attribute 'class' with value 'tiny ui button'

2019-08-08 16:53:13 - [MESSAGE][PASSED] - Delayed 7 second(s)

2019-08-08 16:53:13 - [MESSAGE][PASSED] - File 'H:\USGBC_NewApproach1\USGBC_LEED\Include\TestData\FilesToUpload\ZZ.pdf' sent to object: ''

2019-08-08 16:53:16 - [MESSAGE][PASSED] - Delayed 3 second(s)

2019-08-08 16:53:19 - [MESSAGE][PASSED] - Delayed 2 second(s)

2019-08-08 16:53:24 - [MESSAGE][PASSED] - Delayed 5 second(s)

2019-08-08 16:53:24 - [MESSAGE][PASSED] - Object: '' is clicked on

2019-08-08 16:53:26 - [MESSAGE][PASSED] - Delayed 2 second(s)

2019-08-08 16:53:26 - [MESSAGE][PASSED] - Object: '' is clicked on

2019-08-08 16:53:28 - [MESSAGE][PASSED] - Delayed 2 second(s)

2019-08-08 16:53:30 - [MESSAGE][PASSED] - Delayed 2 second(s)

2019-08-08 16:53:35 - [MESSAGE][PASSED] - Delayed 5 second(s)

2019-08-08 16:53:35 - [MESSAGE][PASSED] - Object: '' is clicked on

2019-08-08 16:53:37 - [MESSAGE][PASSED] - Delayed 2 second(s)

2019-08-08 16:53:38 - [MESSAGE][PASSED] - Object: '' is clicked on

2019-08-08 16:53:40 - [MESSAGE][PASSED] - Delayed 2 second(s)

2019-08-08 16:53:45 - [MESSAGE][PASSED] - Delayed 5 second(s)

2019-08-08 16:53:45 - [MESSAGE][PASSED] - Web element with id: '' located by 'By.xpath: (//table[@class='ui collapsing celled table unstackable'])[4]' is not present after '2' second(s)

2019-08-08 16:53:47 - [MESSAGE][PASSED] - Delayed 2 second(s)

2019-08-08 16:53:52 - [MESSAGE][PASSED] - Delayed 5 second(s)

2019-08-08 16:53:52 - [MESSAGE][PASSED] - Object: '' is clicked on

2019-08-08 16:53:54 - [MESSAGE][PASSED] - Delayed 2 second(s)

2019-08-08 16:53:54 - [MESSAGE][PASSED] - Object: '' is clicked on

2019-08-08 16:53:56 - [MESSAGE][PASSED] - Delayed 2 second(s)

2019-08-08 16:53:58 - [MESSAGE][PASSED] - Delayed 2 second(s)

2019-08-08 16:54:03 - [MESSAGE][PASSED] - Delayed 5 second(s)

2019-08-08 16:54:03 - [MESSAGE][PASSED] - Object: '' is clicked on

2019-08-08 16:54:05 - [MESSAGE][PASSED] - Delayed 2 second(s)

2019-08-08 16:54:06 - [MESSAGE][PASSED] - Object: '' is clicked on

2019-08-08 16:54:08 - [MESSAGE][PASSED] - Delayed 2 second(s)

2019-08-08 16:54:13 - [MESSAGE][PASSED] - Delayed 5 second(s)

2019-08-08 16:54:13 - [MESSAGE][PASSED] - Web element with id: '' located by 'By.xpath: (//table[@class='ui collapsing celled table unstackable'])[3]' is not present after '2' second(s)

2019-08-08 16:54:15 - [MESSAGE][PASSED] - Delayed 2 second(s)

2019-08-08 16:54:20 - [MESSAGE][PASSED] - Delayed 5 second(s)

2019-08-08 16:54:20 - [MESSAGE][PASSED] - Object: '' is clicked on

2019-08-08 16:54:22 - [MESSAGE][PASSED] - Delayed 2 second(s)

2019-08-08 16:54:22 - [MESSAGE][PASSED] - Object: '' is clicked on

2019-08-08 16:54:24 - [MESSAGE][PASSED] - Delayed 2 second(s)

2019-08-08 16:54:26 - [MESSAGE][PASSED] - Delayed 2 second(s)

2019-08-08 16:54:31 - [MESSAGE][PASSED] - Delayed 5 second(s)

2019-08-08 16:54:31 - [MESSAGE][PASSED] - Object: '' is clicked on

2019-08-08 16:54:33 - [MESSAGE][PASSED] - Delayed 2 second(s)

2019-08-08 16:54:34 - [MESSAGE][PASSED] - Object: '' is clicked on

2019-08-08 16:54:36 - [MESSAGE][PASSED] - Delayed 2 second(s)

2019-08-08 16:54:41 - [MESSAGE][PASSED] - Delayed 5 second(s)

2019-08-08 16:54:41 - [MESSAGE][PASSED] - Web element with id: '' located by 'By.xpath: (//table[@class='ui collapsing celled table unstackable'])[2]' is not present after '2' second(s)

2019-08-08 16:54:43 - [MESSAGE][PASSED] - Delayed 2 second(s)

2019-08-08 16:54:48 - [MESSAGE][PASSED] - Delayed 5 second(s)

2019-08-08 16:54:48 - [MESSAGE][PASSED] - Object: '' is clicked on

2019-08-08 16:54:50 - [MESSAGE][PASSED] - Delayed 2 second(s)

2019-08-08 16:54:50 - [MESSAGE][PASSED] - Object: '' is clicked on

2019-08-08 16:54:52 - [MESSAGE][PASSED] - Delayed 2 second(s)

2019-08-08 16:54:54 - [MESSAGE][PASSED] - Delayed 2 second(s)

2019-08-08 16:54:59 - [MESSAGE][PASSED] - Delayed 5 second(s)

2019-08-08 16:54:59 - [MESSAGE][PASSED] - Object: '' is clicked on

2019-08-08 16:55:01 - [MESSAGE][PASSED] - Delayed 2 second(s)

2019-08-08 16:55:02 - [MESSAGE][PASSED] - Object: '' is clicked on

2019-08-08 16:55:04 - [MESSAGE][PASSED] - Delayed 2 second(s)

2019-08-08 16:55:09 - [MESSAGE][PASSED] - Delayed 5 second(s)

2019-08-08 16:55:09 - [MESSAGE][PASSED] - Web element with id: '' located by 'By.xpath: (//table[@class='ui collapsing celled table unstackable'])[1]' is not present after '2' second(s)

2019-08-08 16:55:09 - [MESSAGE][PASSED] - Run with 'runner_OM_ExistingBuildings.EnergyEfficiencyBestManagementPractices' was passed]]></system-out>
         <system-err><![CDATA[]]></system-err>
      </testcase>
      <system-out><![CDATA[2019-08-08 16:51:14 - [TEST_SUITE][PASSED] - demo_EEBM: Test Cases/OM_ExistingBuildings/TC_EnergyEfficiencyBestManagementPractices]]></system-out>
      <system-err><![CDATA[]]></system-err>
   </testsuite>
</testsuites>
