<?xml version="1.0" encoding="UTF-8"?>
<testsuites name="demo_EEBM" time="229" tests="1" failures="0" errors="0">
   <testsuite name="demo_EEBM" tests="1" failures="0" errors="0" time="229" timestamp="2019-08-07 18:05:05" hostname="promantus inc - G10PROLT025" id="Test Suites/demo_EEBM">
      <properties>
         <property name="deviceName" value=""/>
         <property name="devicePlatform" value=""/>
         <property name="logFolder" value="H:\\USGBC_NewApproach1\\USGBC_LEED\\Reports\\demo_EEBM\\20190807_180456"/>
         <property name="logFiles" value="H:\\USGBC_NewApproach1\\USGBC_LEED\\Reports\\demo_EEBM\\20190807_180456\\execution0.log"/>
         <property name="attachments" value=""/>
         <property name="hostName" value="promantus inc - G10PROLT025"/>
         <property name="os" value="Windows 10 64bit"/>
         <property name="katalonVersion" value="6.1.3.3"/>
         <property name="browser" value="Chrome 75.0.3770.142"/>
         <property name="hostAddress" value="192.168.232.1"/>
         <property name="sessionId" value="05afb09ae336cb0bfc3e00ffd9687539"/>
         <property name="seleniumVersion" value="3.7.1"/>
         <property name="proxyInformation" value="ProxyInformation{proxyOption=NO_PROXY, proxyServerType=HTTP, password=, proxyServerAddress=, proxyServerPort=0}"/>
         <property name="platform" value="Windows 10"/>
      </properties>
      <testcase name="Test Cases/OM_ExistingBuildings/TC_EnergyEfficiencyBestManagementPractices" classname="Test Cases/OM_ExistingBuildings/TC_EnergyEfficiencyBestManagementPractices" status="PASSED">
         <system-out><![CDATA[2019-08-07 18:05:05 - [TEST_CASE][PASSED] - Test Cases/OM_ExistingBuildings/TC_EnergyEfficiencyBestManagementPractices: Test Cases/OM_ExistingBuildings/TC_EnergyEfficiencyBestManagementPractices

2019-08-07 18:05:05 - [TEST_STEP][ERROR] - Start listener action : before: java.lang.NullPointerException: Cannot invoke method getName() on null object

2019-08-07 18:05:05 - [TEST_STEP][ERROR] - scenarioName = scenario.getName(): java.lang.NullPointerException: Cannot invoke method getName() on null object

2019-08-07 18:05:05 - [MESSAGE][ERROR] - java.lang.NullPointerException: Cannot invoke method getName() on null object

2019-08-07 18:05:05 - [TEST_STEP][PASSED] - Start listener action : sampleBeforeTestCase: null

2019-08-07 18:05:05 - [TEST_STEP][PASSED] - a = testCaseContext.getTestCaseId(): null

2019-08-07 18:05:06 - [TEST_STEP][PASSED] - lastWord = a.substring(a.lastIndexOf("/") + 1): null

2019-08-07 18:05:06 - [TEST_STEP][PASSED] - currentTestCaseId = lastWord: null

2019-08-07 18:05:06 - [TEST_STEP][PASSED] - println("GlobalVariable.currentTestCaseId#############" + lastWord): null

2019-08-07 18:05:06 - [TEST_STEP][PASSED] - runWithCucumberRunner(runner_OM_ExistingBuildings.EnergyEfficiencyBestManagementPractices): Run with 'runner_OM_ExistingBuildings.EnergyEfficiencyBestManagementPractices' was passed

2019-08-07 18:05:07 - [TEST_CASE][PASSED] - Test Cases/TC_Login: Test Cases/TC_Login

2019-08-07 18:05:07 - [TEST_STEP][PASSED] - runWithCucumberRunner(common.LoginRunner): Run with 'common.LoginRunner' was passed

2019-08-07 18:05:08 - [MESSAGE][INFO] - Starting 'Chrome' driver

2019-08-07 18:05:08 - [MESSAGE][INFO] - Action delay is set to 0 seconds

2019-08-07 18:05:14 - [MESSAGE][PASSED] - Browser is opened with url: ''

2019-08-07 18:05:15 - [MESSAGE][PASSED] - Current window maximized

2019-08-07 18:05:17 - [MESSAGE][PASSED] - Navigate to 'https://leedonline-stg.usgbc.org' successfully

2019-08-07 18:05:17 - [MESSAGE][PASSED] - Text 'automationbdd10@gmail.com' is set on object ''

2019-08-07 18:05:17 - [MESSAGE][PASSED] - Text 'initpass' is set on object ''

2019-08-07 18:05:20 - [MESSAGE][PASSED] - Delayed 3 second(s)

2019-08-07 18:05:20 - [MESSAGE][PASSED] - Scroll to object '' successfully

2019-08-07 18:05:21 - [MESSAGE][PASSED] - Object '' is checked

2019-08-07 18:05:25 - [MESSAGE][PASSED] - Delayed 4 second(s)

2019-08-07 18:05:25 - [MESSAGE][PASSED] - The form containing object: '' is submitted

2019-08-07 18:05:30 - [MESSAGE][PASSED] - Delayed 5 second(s)

2019-08-07 18:05:30 - [MESSAGE][PASSED] - Object '' is present

2019-08-07 18:05:30 - [MESSAGE][PASSED] - Run with 'common.LoginRunner' was passed

2019-08-07 18:05:30 - [MESSAGE][PASSED] - Call Test Case 'Test Cases/TC_Login' successfully

2019-08-07 18:05:31 - [MESSAGE][PASSED] - Object: '' is clicked on

2019-08-07 18:05:33 - [MESSAGE][PASSED] - Object: '' is clicked on

2019-08-07 18:05:35 - [MESSAGE][PASSED] - Delayed 2 second(s)

2019-08-07 18:05:36 - [MESSAGE][PASSED] - Text of object '' is: 'ATTEMPTED'

2019-08-07 18:05:39 - [MESSAGE][PASSED] - Delayed 3 second(s)

2019-08-07 18:05:41 - [MESSAGE][PASSED] - Delayed 2 second(s)

2019-08-07 18:05:41 - [MESSAGE][PASSED] - Object: '' is clicked on

2019-08-07 18:05:41 - [MESSAGE][PASSED] - Text of object '' is: 'Energy Efficiency Best Management Practices'

2019-08-07 18:05:44 - [MESSAGE][PASSED] - Delayed 3 second(s)

2019-08-07 18:05:47 - [MESSAGE][PASSED] - Object: '' is clicked on

2019-08-07 18:05:52 - [MESSAGE][PASSED] - Delayed 5 second(s)

2019-08-07 18:05:52 - [MESSAGE][PASSED] - Text of object '' is: 'Energy Efficiency Best Management Practices'

2019-08-07 18:05:52 - [MESSAGE][PASSED] - Actual text 'Energy Efficiency Best Management Practices' and expected text 'Energy Efficiency Best Management Practices' are matched 

2019-08-07 18:05:52 - [MESSAGE][PASSED] - Text '(V01)' is present on page 

2019-08-07 18:05:52 - [MESSAGE][PASSED] - Object '' has attribute 'class' with value 'tiny ui button'

2019-08-07 18:05:59 - [MESSAGE][PASSED] - Delayed 7 second(s)

2019-08-07 18:06:00 - [MESSAGE][PASSED] - File 'H:\USGBC_NewApproach1\USGBC_LEED\Include\TestData\FilesToUpload\COO_1.pdf' sent to object: ''

2019-08-07 18:06:00 - [MESSAGE][PASSED] - Object '' has attribute 'class' with value 'tiny ui button'

2019-08-07 18:06:07 - [MESSAGE][PASSED] - Delayed 7 second(s)

2019-08-07 18:06:07 - [MESSAGE][PASSED] - File 'H:\USGBC_NewApproach1\USGBC_LEED\Include\TestData\FilesToUpload\ZZ.pdf' sent to object: ''

2019-08-07 18:06:10 - [MESSAGE][PASSED] - Delayed 3 second(s)

2019-08-07 18:06:10 - [MESSAGE][PASSED] - Object '' has attribute 'class' with value 'tiny ui button'

2019-08-07 18:06:17 - [MESSAGE][PASSED] - Delayed 7 second(s)

2019-08-07 18:06:17 - [MESSAGE][PASSED] - File 'H:\USGBC_NewApproach1\USGBC_LEED\Include\TestData\FilesToUpload\COO_1.pdf' sent to object: ''

2019-08-07 18:06:17 - [MESSAGE][PASSED] - Object '' has attribute 'class' with value 'tiny ui button'

2019-08-07 18:06:24 - [MESSAGE][PASSED] - Delayed 7 second(s)

2019-08-07 18:06:24 - [MESSAGE][PASSED] - File 'H:\USGBC_NewApproach1\USGBC_LEED\Include\TestData\FilesToUpload\ZZ.pdf' sent to object: ''

2019-08-07 18:06:27 - [MESSAGE][PASSED] - Delayed 3 second(s)

2019-08-07 18:06:27 - [MESSAGE][PASSED] - Object '' has attribute 'class' with value 'tiny ui button'

2019-08-07 18:06:34 - [MESSAGE][PASSED] - Delayed 7 second(s)

2019-08-07 18:06:34 - [MESSAGE][PASSED] - File 'H:\USGBC_NewApproach1\USGBC_LEED\Include\TestData\FilesToUpload\COO_1.pdf' sent to object: ''

2019-08-07 18:06:34 - [MESSAGE][PASSED] - Object '' has attribute 'class' with value 'tiny ui button'

2019-08-07 18:06:41 - [MESSAGE][PASSED] - Delayed 7 second(s)

2019-08-07 18:06:41 - [MESSAGE][PASSED] - File 'H:\USGBC_NewApproach1\USGBC_LEED\Include\TestData\FilesToUpload\ZZ.pdf' sent to object: ''

2019-08-07 18:06:44 - [MESSAGE][PASSED] - Delayed 3 second(s)

2019-08-07 18:06:44 - [MESSAGE][PASSED] - Object '' has attribute 'class' with value 'tiny ui button'

2019-08-07 18:06:51 - [MESSAGE][PASSED] - Delayed 7 second(s)

2019-08-07 18:06:51 - [MESSAGE][PASSED] - File 'H:\USGBC_NewApproach1\USGBC_LEED\Include\TestData\FilesToUpload\COO_1.pdf' sent to object: ''

2019-08-07 18:06:51 - [MESSAGE][PASSED] - Object '' has attribute 'class' with value 'tiny ui button'

2019-08-07 18:06:58 - [MESSAGE][PASSED] - Delayed 7 second(s)

2019-08-07 18:06:58 - [MESSAGE][PASSED] - File 'H:\USGBC_NewApproach1\USGBC_LEED\Include\TestData\FilesToUpload\ZZ.pdf' sent to object: ''

2019-08-07 18:07:01 - [MESSAGE][PASSED] - Delayed 3 second(s)

2019-08-07 18:07:03 - [MESSAGE][PASSED] - Delayed 2 second(s)

2019-08-07 18:07:09 - [MESSAGE][PASSED] - Delayed 5 second(s)

2019-08-07 18:07:09 - [MESSAGE][PASSED] - Object: '' is clicked on

2019-08-07 18:07:11 - [MESSAGE][PASSED] - Delayed 2 second(s)

2019-08-07 18:07:11 - [MESSAGE][PASSED] - Object: '' is clicked on

2019-08-07 18:07:13 - [MESSAGE][PASSED] - Delayed 2 second(s)

2019-08-07 18:07:15 - [MESSAGE][PASSED] - Delayed 2 second(s)

2019-08-07 18:07:20 - [MESSAGE][PASSED] - Delayed 5 second(s)

2019-08-07 18:07:20 - [MESSAGE][PASSED] - Object: '' is clicked on

2019-08-07 18:07:22 - [MESSAGE][PASSED] - Delayed 2 second(s)

2019-08-07 18:07:22 - [MESSAGE][PASSED] - Object: '' is clicked on

2019-08-07 18:07:24 - [MESSAGE][PASSED] - Delayed 2 second(s)

2019-08-07 18:07:29 - [MESSAGE][PASSED] - Delayed 5 second(s)

2019-08-07 18:07:29 - [MESSAGE][PASSED] - Web element with id: '' located by 'By.xpath: (//table[@class='ui collapsing celled table unstackable'])[4]' is not present after '2' second(s)

2019-08-07 18:07:31 - [MESSAGE][PASSED] - Delayed 2 second(s)

2019-08-07 18:07:36 - [MESSAGE][PASSED] - Delayed 5 second(s)

2019-08-07 18:07:36 - [MESSAGE][PASSED] - Object: '' is clicked on

2019-08-07 18:07:38 - [MESSAGE][PASSED] - Delayed 2 second(s)

2019-08-07 18:07:39 - [MESSAGE][PASSED] - Object: '' is clicked on

2019-08-07 18:07:41 - [MESSAGE][PASSED] - Delayed 2 second(s)

2019-08-07 18:07:43 - [MESSAGE][PASSED] - Delayed 2 second(s)

2019-08-07 18:07:48 - [MESSAGE][PASSED] - Delayed 5 second(s)

2019-08-07 18:07:48 - [MESSAGE][PASSED] - Object: '' is clicked on

2019-08-07 18:07:50 - [MESSAGE][PASSED] - Delayed 2 second(s)

2019-08-07 18:07:50 - [MESSAGE][PASSED] - Object: '' is clicked on

2019-08-07 18:07:52 - [MESSAGE][PASSED] - Delayed 2 second(s)

2019-08-07 18:07:57 - [MESSAGE][PASSED] - Delayed 5 second(s)

2019-08-07 18:07:57 - [MESSAGE][PASSED] - Web element with id: '' located by 'By.xpath: (//table[@class='ui collapsing celled table unstackable'])[3]' is not present after '2' second(s)

2019-08-07 18:07:59 - [MESSAGE][PASSED] - Delayed 2 second(s)

2019-08-07 18:08:04 - [MESSAGE][PASSED] - Delayed 5 second(s)

2019-08-07 18:08:04 - [MESSAGE][PASSED] - Object: '' is clicked on

2019-08-07 18:08:06 - [MESSAGE][PASSED] - Delayed 2 second(s)

2019-08-07 18:08:06 - [MESSAGE][PASSED] - Object: '' is clicked on

2019-08-07 18:08:08 - [MESSAGE][PASSED] - Delayed 2 second(s)

2019-08-07 18:08:10 - [MESSAGE][PASSED] - Delayed 2 second(s)

2019-08-07 18:08:15 - [MESSAGE][PASSED] - Delayed 5 second(s)

2019-08-07 18:08:15 - [MESSAGE][PASSED] - Object: '' is clicked on

2019-08-07 18:08:17 - [MESSAGE][PASSED] - Delayed 2 second(s)

2019-08-07 18:08:18 - [MESSAGE][PASSED] - Object: '' is clicked on

2019-08-07 18:08:20 - [MESSAGE][PASSED] - Delayed 2 second(s)

2019-08-07 18:08:25 - [MESSAGE][PASSED] - Delayed 5 second(s)

2019-08-07 18:08:25 - [MESSAGE][PASSED] - Web element with id: '' located by 'By.xpath: (//table[@class='ui collapsing celled table unstackable'])[2]' is not present after '2' second(s)

2019-08-07 18:08:27 - [MESSAGE][PASSED] - Delayed 2 second(s)

2019-08-07 18:08:32 - [MESSAGE][PASSED] - Delayed 5 second(s)

2019-08-07 18:08:32 - [MESSAGE][PASSED] - Object: '' is clicked on

2019-08-07 18:08:34 - [MESSAGE][PASSED] - Delayed 2 second(s)

2019-08-07 18:08:34 - [MESSAGE][PASSED] - Object: '' is clicked on

2019-08-07 18:08:36 - [MESSAGE][PASSED] - Delayed 2 second(s)

2019-08-07 18:08:38 - [MESSAGE][PASSED] - Delayed 2 second(s)

2019-08-07 18:08:43 - [MESSAGE][PASSED] - Delayed 5 second(s)

2019-08-07 18:08:43 - [MESSAGE][PASSED] - Object: '' is clicked on

2019-08-07 18:08:45 - [MESSAGE][PASSED] - Delayed 2 second(s)

2019-08-07 18:08:45 - [MESSAGE][PASSED] - Object: '' is clicked on

2019-08-07 18:08:47 - [MESSAGE][PASSED] - Delayed 2 second(s)

2019-08-07 18:08:52 - [MESSAGE][PASSED] - Delayed 5 second(s)

2019-08-07 18:08:52 - [MESSAGE][PASSED] - Web element with id: '' located by 'By.xpath: (//table[@class='ui collapsing celled table unstackable'])[1]' is not present after '2' second(s)

2019-08-07 18:08:53 - [MESSAGE][PASSED] - Run with 'runner_OM_ExistingBuildings.EnergyEfficiencyBestManagementPractices' was passed]]></system-out>
         <system-err><![CDATA[]]></system-err>
      </testcase>
      <system-out><![CDATA[2019-08-07 18:05:05 - [TEST_SUITE][PASSED] - demo_EEBM: Test Cases/OM_ExistingBuildings/TC_EnergyEfficiencyBestManagementPractices]]></system-out>
      <system-err><![CDATA[]]></system-err>
   </testsuite>
</testsuites>
