<?xml version="1.0" encoding="UTF-8"?>
<testsuites name="demo_EEBM" time="226" tests="1" failures="0" errors="0">
   <testsuite name="demo_EEBM" tests="1" failures="0" errors="0" time="226" timestamp="2019-08-08 16:33:22" hostname="promantus inc - G10PROLT025" id="Test Suites/demo_EEBM">
      <properties>
         <property name="deviceName" value=""/>
         <property name="devicePlatform" value=""/>
         <property name="logFolder" value="H:\\USGBC_NewApproach1\\USGBC_LEED\\Reports\\demo_EEBM\\20190808_163315"/>
         <property name="logFiles" value="H:\\USGBC_NewApproach1\\USGBC_LEED\\Reports\\demo_EEBM\\20190808_163315\\execution0.log"/>
         <property name="attachments" value=""/>
         <property name="hostName" value="promantus inc - G10PROLT025"/>
         <property name="os" value="Windows 10 64bit"/>
         <property name="katalonVersion" value="6.1.3.3"/>
         <property name="browser" value="Chrome 75.0.3770.142"/>
         <property name="hostAddress" value="192.168.232.1"/>
         <property name="sessionId" value="68fb727e7f22d9b336a5c22a179f69f0"/>
         <property name="seleniumVersion" value="3.7.1"/>
         <property name="proxyInformation" value="ProxyInformation{proxyOption=NO_PROXY, proxyServerType=HTTP, password=, proxyServerAddress=, proxyServerPort=0}"/>
         <property name="platform" value="Windows 10"/>
      </properties>
      <testcase name="Test Cases/OM_ExistingBuildings/TC_EnergyEfficiencyBestManagementPractices" classname="Test Cases/OM_ExistingBuildings/TC_EnergyEfficiencyBestManagementPractices" status="PASSED">
         <system-out><![CDATA[2019-08-08 16:33:22 - [TEST_CASE][PASSED] - Test Cases/OM_ExistingBuildings/TC_EnergyEfficiencyBestManagementPractices: Test Cases/OM_ExistingBuildings/TC_EnergyEfficiencyBestManagementPractices

2019-08-08 16:33:22 - [TEST_STEP][PASSED] - Start listener action : sampleBeforeTestCase: null

2019-08-08 16:33:22 - [TEST_STEP][PASSED] - a = testCaseContext.getTestCaseId(): null

2019-08-08 16:33:22 - [TEST_STEP][PASSED] - lastWord = a.substring(a.lastIndexOf("/") + 1): null

2019-08-08 16:33:22 - [TEST_STEP][PASSED] - currentTestCaseId = lastWord: null

2019-08-08 16:33:23 - [TEST_STEP][PASSED] - println("GlobalVariable.currentTestCaseId#############" + lastWord): null

2019-08-08 16:33:23 - [TEST_STEP][PASSED] - runWithCucumberRunner(runner_OM_ExistingBuildings.EnergyEfficiencyBestManagementPractices): Run with 'runner_OM_ExistingBuildings.EnergyEfficiencyBestManagementPractices' was passed

2019-08-08 16:33:24 - [TEST_CASE][PASSED] - Test Cases/TC_Login: Test Cases/TC_Login

2019-08-08 16:33:24 - [TEST_STEP][PASSED] - runWithCucumberRunner(common.LoginRunner): Run with 'common.LoginRunner' was passed

2019-08-08 16:33:24 - [MESSAGE][INFO] - Starting 'Chrome' driver

2019-08-08 16:33:24 - [MESSAGE][INFO] - Action delay is set to 0 seconds

2019-08-08 16:33:28 - [MESSAGE][PASSED] - Browser is opened with url: ''

2019-08-08 16:33:29 - [MESSAGE][PASSED] - Current window maximized

2019-08-08 16:33:31 - [MESSAGE][PASSED] - Navigate to 'https://leedonline-stg.usgbc.org' successfully

2019-08-08 16:33:31 - [MESSAGE][PASSED] - Text 'automationbdd10@gmail.com' is set on object ''

2019-08-08 16:33:32 - [MESSAGE][PASSED] - Text 'initpass' is set on object ''

2019-08-08 16:33:35 - [MESSAGE][PASSED] - Delayed 3 second(s)

2019-08-08 16:33:35 - [MESSAGE][PASSED] - Scroll to object '' successfully

2019-08-08 16:33:35 - [MESSAGE][PASSED] - Object '' is checked

2019-08-08 16:33:39 - [MESSAGE][PASSED] - Delayed 4 second(s)

2019-08-08 16:33:39 - [MESSAGE][PASSED] - The form containing object: '' is submitted

2019-08-08 16:33:44 - [MESSAGE][PASSED] - Delayed 5 second(s)

2019-08-08 16:33:44 - [MESSAGE][PASSED] - Object '' is present

2019-08-08 16:33:44 - [MESSAGE][PASSED] - Run with 'common.LoginRunner' was passed

2019-08-08 16:33:44 - [MESSAGE][PASSED] - Call Test Case 'Test Cases/TC_Login' successfully

2019-08-08 16:33:45 - [MESSAGE][PASSED] - Object: '' is clicked on

2019-08-08 16:33:47 - [MESSAGE][PASSED] - Object: '' is clicked on

2019-08-08 16:33:49 - [MESSAGE][PASSED] - Delayed 2 second(s)

2019-08-08 16:33:50 - [MESSAGE][PASSED] - Text of object '' is: 'ATTEMPTED'

2019-08-08 16:33:53 - [MESSAGE][PASSED] - Delayed 3 second(s)

2019-08-08 16:33:55 - [MESSAGE][PASSED] - Delayed 2 second(s)

2019-08-08 16:33:55 - [MESSAGE][PASSED] - Object: '' is clicked on

2019-08-08 16:33:55 - [MESSAGE][PASSED] - Text of object '' is: 'Energy Efficiency Best Management Practices'

2019-08-08 16:33:58 - [MESSAGE][PASSED] - Delayed 3 second(s)

2019-08-08 16:34:02 - [MESSAGE][PASSED] - Object: '' is clicked on

2019-08-08 16:34:07 - [MESSAGE][PASSED] - Delayed 5 second(s)

2019-08-08 16:34:07 - [MESSAGE][PASSED] - Text of object '' is: 'Energy Efficiency Best Management Practices'

2019-08-08 16:34:07 - [MESSAGE][PASSED] - Actual text 'Energy Efficiency Best Management Practices' and expected text 'Energy Efficiency Best Management Practices' are matched 

2019-08-08 16:34:07 - [MESSAGE][PASSED] - Text '(V01)' is present on page 

2019-08-08 16:34:07 - [MESSAGE][PASSED] - Object '' has attribute 'class' with value 'tiny ui button'

2019-08-08 16:34:14 - [MESSAGE][PASSED] - Delayed 7 second(s)

2019-08-08 16:34:14 - [MESSAGE][PASSED] - File 'H:\USGBC_NewApproach1\USGBC_LEED\Include\TestData\FilesToUpload\COO_1.pdf' sent to object: ''

2019-08-08 16:34:14 - [MESSAGE][PASSED] - Object '' has attribute 'class' with value 'tiny ui button'

2019-08-08 16:34:21 - [MESSAGE][PASSED] - Delayed 7 second(s)

2019-08-08 16:34:21 - [MESSAGE][PASSED] - File 'H:\USGBC_NewApproach1\USGBC_LEED\Include\TestData\FilesToUpload\ZZ.pdf' sent to object: ''

2019-08-08 16:34:24 - [MESSAGE][PASSED] - Delayed 3 second(s)

2019-08-08 16:34:24 - [MESSAGE][PASSED] - Object '' has attribute 'class' with value 'tiny ui button'

2019-08-08 16:34:31 - [MESSAGE][PASSED] - Delayed 7 second(s)

2019-08-08 16:34:31 - [MESSAGE][PASSED] - File 'H:\USGBC_NewApproach1\USGBC_LEED\Include\TestData\FilesToUpload\COO_1.pdf' sent to object: ''

2019-08-08 16:34:31 - [MESSAGE][PASSED] - Object '' has attribute 'class' with value 'tiny ui button'

2019-08-08 16:34:38 - [MESSAGE][PASSED] - Delayed 7 second(s)

2019-08-08 16:34:38 - [MESSAGE][PASSED] - File 'H:\USGBC_NewApproach1\USGBC_LEED\Include\TestData\FilesToUpload\ZZ.pdf' sent to object: ''

2019-08-08 16:34:41 - [MESSAGE][PASSED] - Delayed 3 second(s)

2019-08-08 16:34:42 - [MESSAGE][PASSED] - Object '' has attribute 'class' with value 'tiny ui button'

2019-08-08 16:34:49 - [MESSAGE][PASSED] - Delayed 7 second(s)

2019-08-08 16:34:49 - [MESSAGE][PASSED] - File 'H:\USGBC_NewApproach1\USGBC_LEED\Include\TestData\FilesToUpload\COO_1.pdf' sent to object: ''

2019-08-08 16:34:49 - [MESSAGE][PASSED] - Object '' has attribute 'class' with value 'tiny ui button'

2019-08-08 16:34:56 - [MESSAGE][PASSED] - Delayed 7 second(s)

2019-08-08 16:34:56 - [MESSAGE][PASSED] - File 'H:\USGBC_NewApproach1\USGBC_LEED\Include\TestData\FilesToUpload\ZZ.pdf' sent to object: ''

2019-08-08 16:34:59 - [MESSAGE][PASSED] - Delayed 3 second(s)

2019-08-08 16:34:59 - [MESSAGE][PASSED] - Object '' has attribute 'class' with value 'tiny ui button'

2019-08-08 16:35:06 - [MESSAGE][PASSED] - Delayed 7 second(s)

2019-08-08 16:35:06 - [MESSAGE][PASSED] - File 'H:\USGBC_NewApproach1\USGBC_LEED\Include\TestData\FilesToUpload\COO_1.pdf' sent to object: ''

2019-08-08 16:35:06 - [MESSAGE][PASSED] - Object '' has attribute 'class' with value 'tiny ui button'

2019-08-08 16:35:13 - [MESSAGE][PASSED] - Delayed 7 second(s)

2019-08-08 16:35:13 - [MESSAGE][PASSED] - File 'H:\USGBC_NewApproach1\USGBC_LEED\Include\TestData\FilesToUpload\ZZ.pdf' sent to object: ''

2019-08-08 16:35:16 - [MESSAGE][PASSED] - Delayed 3 second(s)

2019-08-08 16:35:18 - [MESSAGE][PASSED] - Delayed 2 second(s)

2019-08-08 16:35:23 - [MESSAGE][PASSED] - Delayed 5 second(s)

2019-08-08 16:35:23 - [MESSAGE][PASSED] - Object: '' is clicked on

2019-08-08 16:35:25 - [MESSAGE][PASSED] - Delayed 2 second(s)

2019-08-08 16:35:25 - [MESSAGE][PASSED] - Object: '' is clicked on

2019-08-08 16:35:27 - [MESSAGE][PASSED] - Delayed 2 second(s)

2019-08-08 16:35:29 - [MESSAGE][PASSED] - Delayed 2 second(s)

2019-08-08 16:35:35 - [MESSAGE][PASSED] - Delayed 5 second(s)

2019-08-08 16:35:35 - [MESSAGE][PASSED] - Object: '' is clicked on

2019-08-08 16:35:37 - [MESSAGE][PASSED] - Delayed 2 second(s)

2019-08-08 16:35:37 - [MESSAGE][PASSED] - Object: '' is clicked on

2019-08-08 16:35:39 - [MESSAGE][PASSED] - Delayed 2 second(s)

2019-08-08 16:35:44 - [MESSAGE][PASSED] - Delayed 5 second(s)

2019-08-08 16:35:44 - [MESSAGE][PASSED] - Web element with id: '' located by 'By.xpath: (//table[@class='ui collapsing celled table unstackable'])[4]' is not present after '2' second(s)

2019-08-08 16:35:46 - [MESSAGE][PASSED] - Delayed 2 second(s)

2019-08-08 16:35:51 - [MESSAGE][PASSED] - Delayed 5 second(s)

2019-08-08 16:35:51 - [MESSAGE][PASSED] - Object: '' is clicked on

2019-08-08 16:35:53 - [MESSAGE][PASSED] - Delayed 2 second(s)

2019-08-08 16:35:53 - [MESSAGE][PASSED] - Object: '' is clicked on

2019-08-08 16:35:55 - [MESSAGE][PASSED] - Delayed 2 second(s)

2019-08-08 16:35:57 - [MESSAGE][PASSED] - Delayed 2 second(s)

2019-08-08 16:36:02 - [MESSAGE][PASSED] - Delayed 5 second(s)

2019-08-08 16:36:02 - [MESSAGE][PASSED] - Object: '' is clicked on

2019-08-08 16:36:04 - [MESSAGE][PASSED] - Delayed 2 second(s)

2019-08-08 16:36:04 - [MESSAGE][PASSED] - Object: '' is clicked on

2019-08-08 16:36:06 - [MESSAGE][PASSED] - Delayed 2 second(s)

2019-08-08 16:36:11 - [MESSAGE][PASSED] - Delayed 5 second(s)

2019-08-08 16:36:12 - [MESSAGE][PASSED] - Web element with id: '' located by 'By.xpath: (//table[@class='ui collapsing celled table unstackable'])[3]' is not present after '2' second(s)

2019-08-08 16:36:14 - [MESSAGE][PASSED] - Delayed 2 second(s)

2019-08-08 16:36:19 - [MESSAGE][PASSED] - Delayed 5 second(s)

2019-08-08 16:36:19 - [MESSAGE][PASSED] - Object: '' is clicked on

2019-08-08 16:36:21 - [MESSAGE][PASSED] - Delayed 2 second(s)

2019-08-08 16:36:21 - [MESSAGE][PASSED] - Object: '' is clicked on

2019-08-08 16:36:23 - [MESSAGE][PASSED] - Delayed 2 second(s)

2019-08-08 16:36:25 - [MESSAGE][PASSED] - Delayed 2 second(s)

2019-08-08 16:36:30 - [MESSAGE][PASSED] - Delayed 5 second(s)

2019-08-08 16:36:30 - [MESSAGE][PASSED] - Object: '' is clicked on

2019-08-08 16:36:32 - [MESSAGE][PASSED] - Delayed 2 second(s)

2019-08-08 16:36:32 - [MESSAGE][PASSED] - Object: '' is clicked on

2019-08-08 16:36:34 - [MESSAGE][PASSED] - Delayed 2 second(s)

2019-08-08 16:36:39 - [MESSAGE][PASSED] - Delayed 5 second(s)

2019-08-08 16:36:39 - [MESSAGE][PASSED] - Web element with id: '' located by 'By.xpath: (//table[@class='ui collapsing celled table unstackable'])[2]' is not present after '2' second(s)

2019-08-08 16:36:41 - [MESSAGE][PASSED] - Delayed 2 second(s)

2019-08-08 16:36:46 - [MESSAGE][PASSED] - Delayed 5 second(s)

2019-08-08 16:36:46 - [MESSAGE][PASSED] - Object: '' is clicked on

2019-08-08 16:36:48 - [MESSAGE][PASSED] - Delayed 2 second(s)

2019-08-08 16:36:49 - [MESSAGE][PASSED] - Object: '' is clicked on

2019-08-08 16:36:51 - [MESSAGE][PASSED] - Delayed 2 second(s)

2019-08-08 16:36:53 - [MESSAGE][PASSED] - Delayed 2 second(s)

2019-08-08 16:36:58 - [MESSAGE][PASSED] - Delayed 5 second(s)

2019-08-08 16:36:58 - [MESSAGE][PASSED] - Object: '' is clicked on

2019-08-08 16:37:00 - [MESSAGE][PASSED] - Delayed 2 second(s)

2019-08-08 16:37:00 - [MESSAGE][PASSED] - Object: '' is clicked on

2019-08-08 16:37:02 - [MESSAGE][PASSED] - Delayed 2 second(s)

2019-08-08 16:37:07 - [MESSAGE][PASSED] - Delayed 5 second(s)

2019-08-08 16:37:07 - [MESSAGE][PASSED] - Web element with id: '' located by 'By.xpath: (//table[@class='ui collapsing celled table unstackable'])[1]' is not present after '2' second(s)

2019-08-08 16:37:07 - [MESSAGE][PASSED] - Run with 'runner_OM_ExistingBuildings.EnergyEfficiencyBestManagementPractices' was passed]]></system-out>
         <system-err><![CDATA[]]></system-err>
      </testcase>
      <system-out><![CDATA[2019-08-08 16:33:22 - [TEST_SUITE][PASSED] - demo_EEBM: Test Cases/OM_ExistingBuildings/TC_EnergyEfficiencyBestManagementPractices]]></system-out>
      <system-err><![CDATA[]]></system-err>
   </testsuite>
</testsuites>
